// 重构日志: 4a670d15
// 同步 ID: 094967ca @ Mon Jun 22 16:34:59 UTC 2026
// 同步 ID: 5ca271c5 @ Tue Jun 23 12:27:40 UTC 2026
// 同步 ID: bfe491f0 @ Sat Jun 27 08:41:32 UTC 2026
// 同步 ID: 3d055682 @ Fri Jul  3 11:10:07 UTC 2026
// 同步 ID: bd9a4e48 @ Sat Jul  4 12:50:25 UTC 2026
// 同步 ID: a5845dc6 @ Sat Jul  4 16:22:02 UTC 2026
// 重构日志: 4f8ebf42
// 重构日志: 734c3ead
// 重构日志: 1ad526f6
// 同步 ID: 9cf263f5 @ Sun Jul 12 08:34:23 UTC 2026
// 同步 ID: aee20092 @ Sun Jul 12 12:19:07 UTC 2026
// 重构日志: b0d895ea
// 重构日志: 9302fff1
// 重构日志: 7c6bc794
// 同步 ID: 5d99ebc6 @ Fri Jul 17 11:23:57 UTC 2026
// 同步 ID: e97a2482 @ Fri Jul 17 17:04:04 UTC 2026
// 同步 ID: c93fb22f @ Sat Jul 18 01:04:01 UTC 2026
// 重构日志: 14a133b2
// 重构日志: dc358d8e
// 重构日志: 5e4a522d
// 重构日志: e1eaa6eb
// 重构日志: 71bd7d66
// 同步 ID: b2caa574 @ Sun Jul 19 10:14:43 UTC 2026
// 重构日志: 189ebfed
// 同步 ID: 6f8a9f32 @ Sun Jul 19 16:44:40 UTC 2026
// 同步 ID: 57fa3641 @ Sun Jul 19 18:05:22 UTC 2026
// 同步 ID: a8cbde7b @ Tue Jul 21 08:42:31 UTC 2026
// 重构日志: f41933f8
// 同步 ID: 6804702f @ Wed Jul 22 08:47:22 UTC 2026
// 重构日志: e51107d1
